<?xml version="1.0" encoding="UTF-8"?>
<!-- Generated by org.testng.reporters.JUnitReportReporter -->
<testsuite hostname="LMMUM-LP-0957" failures="0" tests="1" name="demopkg.Stream_Test" time="0.024" errors="0" timestamp="2024-12-14T08:00:44 IST" skipped="0">
  <testcase classname="demopkg.Stream_Test" name="StreamCollect" time="0.024"/>
</testsuite> <!-- demopkg.Stream_Test -->
