<?xml version="1.0" encoding="UTF-8"?>
<!-- Generated by org.testng.reporters.JUnitReportReporter -->
<testsuite hostname="LMMUM-LP-0957" failures="0" tests="2" name="TestNGTutorial.day1" time="0.026" errors="0" timestamp="2024-12-19T23:34:17 IST" skipped="0">
  <testcase classname="TestNGTutorial.day1" name="demo1" time="0.021"/>
  <testcase classname="TestNGTutorial.day1" name="demo2" time="0.005"/>
</testsuite> <!-- TestNGTutorial.day1 -->
