<?xml version="1.0" encoding="UTF-8"?>
<!-- Generated by org.testng.reporters.JUnitReportReporter -->
<testsuite hostname="LMMUM-LP-0957" failures="0" tests="1" name="TestNGTutorial.day3" time="0.002" errors="0" timestamp="2024-12-18T23:46:13 IST" skipped="0">
  <testcase classname="TestNGTutorial.day3" name="exclude" time="0.002"/>
</testsuite> <!-- TestNGTutorial.day3 -->
