<?xml version="1.0" encoding="UTF-8"?>
<!-- Generated by org.testng.reporters.JUnitReportReporter -->
<testsuite hostname="LMMUM-LP-0957" failures="0" tests="2" name="Inheritance.PS1" time="0.029" errors="0" timestamp="2024-12-28T23:57:53 IST" skipped="0">
  <testcase classname="Inheritance.PS1" name="MyMethod" time="0.012"/>
  <testcase classname="Inheritance.PS1" name="YourMethod" time="0.017"/>
</testsuite> <!-- Inheritance.PS1 -->
