<?xml version="1.0" encoding="UTF-8"?>
<!-- Generated by org.testng.reporters.JUnitReportReporter -->
<testsuite hostname="LMMUM-LP-0957" failures="0" tests="4" name="TestNGTutorial.annotation1" time="0.027" errors="0" timestamp="2024-12-27T09:20:24 IST" skipped="0">
  <testcase classname="TestNGTutorial.annotation1" name="Test1" time="0.021"/>
  <testcase classname="TestNGTutorial.annotation1" name="Test4" time="0.003"/>
  <testcase classname="TestNGTutorial.annotation1" name="Test3" time="0.002"/>
  <testcase classname="TestNGTutorial.annotation1" name="Test3" time="0.001"/>
</testsuite> <!-- TestNGTutorial.annotation1 -->
