<?xml version="1.0" encoding="UTF-8"?>
<!-- Generated by org.testng.reporters.JUnitReportReporter -->
<testsuite hostname="LMMUM-LP-0957" failures="0" tests="2" name="TestNGTutorial.day4" time="0.005" errors="0" timestamp="2024-12-18T08:18:25 IST" skipped="0">
  <testcase classname="TestNGTutorial.day4" name="demo8" time="0.002"/>
  <testcase classname="TestNGTutorial.day4" name="demo7" time="0.003"/>
</testsuite> <!-- TestNGTutorial.day4 -->
