<?xml version="1.0" encoding="UTF-8"?>
<!-- Generated by org.testng.reporters.JUnitReportReporter -->
<testsuite hostname="LMMUM-LP-0957" failures="0" tests="2" name="TestNGTutorial.day2" time="0.003" errors="0" timestamp="2024-12-19T23:34:17 IST" skipped="0">
  <testcase classname="TestNGTutorial.day2" name="demo3" time="0.001"/>
  <testcase classname="TestNGTutorial.day2" name="aemo4" time="0.002"/>
</testsuite> <!-- TestNGTutorial.day2 -->
