<?xml version="1.0" encoding="UTF-8"?>
<!-- Generated by org.testng.reporters.JUnitReportReporter -->
<testsuite hostname="LMMUM-LP-0957" failures="0" tests="1" name="Inheritance.PS" time="0.030" errors="0" timestamp="2024-12-28T00:18:46 IST" skipped="0">
  <testcase classname="Inheritance.PS" name="MyMethod" time="0.030"/>
</testsuite> <!-- Inheritance.PS -->
