<?xml version="1.0" encoding="UTF-8"?>
<!-- Generated by org.testng.reporters.JUnitReportReporter -->
<testsuite hostname="LMMUMLP0957" failures="0" tests="1" name="com.automationTestCases.LoginTestCase" time="1.037" errors="0" timestamp="2025-04-07T17:14:25 IST" skipped="0">
  <testcase classname="com.automationTestCases.LoginTestCase" name="loginApp" time="1.037"/>
  <system-out>
    <![CDATA[Setting up reports and test is ready
Test is completed and Report is generated]]>
  </system-out>
</testsuite> <!-- com.automationTestCases.LoginTestCase -->
